<?xml version="1.0" encoding="UTF-8"?>
<!-- Generated by org.testng.reporters.JUnitReportReporter -->
<testsuite hostname="Sarkers-MacBook-Pro.local" failures="0" tests="3" name="google.Google" time="21.588" errors="0" timestamp="2023-07-26T01:42:26 BDT" skipped="0">
  <testcase classname="google.Google" name="testGooglePageTitle" time="2.847"/>
  <testcase classname="google.Google" name="testGoogleSearch" time="11.033"/>
  <testcase classname="google.Google" name="testGoogleImagesLink" time="7.708"/>
</testsuite> <!-- google.Google -->
